<?xml version="1.0" encoding="UTF-8"?>
<!-- Generated by org.testng.reporters.JUnitReportReporter -->
<testsuite hostname="DESKTOP-4D19JNC" failures="0" tests="1" name="testng.Seleniumpagetest" time="0.017" errors="0" timestamp="2022-12-18T16:57:10 EST" skipped="0">
  <testcase classname="testng.Seleniumpagetest" name="method" time="0.017"/>
  <system-out/>
</testsuite> <!-- testng.Seleniumpagetest -->
