<?xml version="1.0" encoding="UTF-8"?>
<!-- Generated by org.testng.reporters.JUnitReportReporter -->
<testsuite hostname="DESKTOP-4D19JNC" failures="0" tests="3" name="testng.Homepage" time="0.013" errors="0" timestamp="2022-12-13T18:34:00 EST" skipped="0">
  <testcase classname="testng.Homepage" name="searchText" time="0.001"/>
  <system-out/>
  <testcase classname="testng.Homepage" name="Googlelogotext" time="0.010"/>
  <system-out/>
  <testcase classname="testng.Homepage" name="googletitletext" time="0.002"/>
  <system-out/>
</testsuite> <!-- testng.Homepage -->
