<?xml version="1.0" encoding="UTF-8"?>
<!-- Generated by org.testng.reporters.JUnitReportReporter -->
<testsuite hostname="DESKTOP-4D19JNC" failures="0" tests="3" name="testng.Demotest" time="1.207" errors="0" timestamp="2022-12-18T17:09:03 EST" skipped="0">
  <testcase classname="testng.Demotest" name="myMethod" time="0.018"/>
  <system-out/>
  <testcase classname="testng.Demotest" name="login" time="0.479"/>
  <system-out/>
  <testcase classname="testng.Demotest" name="logout" time="0.710"/>
  <system-out/>
</testsuite> <!-- testng.Demotest -->
